This file contains any messages produced by compilers while
running configure, to aid debugging if configure makes a mistake.

It was created by Ffidl configure 0.6, which was
generated by GNU Autoconf 2.59b.  Invocation command line was

  $ ./configure --with-tcl=/Users/damon/src/installkit/out/lib

## --------- ##
## Platform. ##
## --------- ##

hostname = damon
uname -m = i386
uname -r = 10.3.0
uname -s = Darwin
uname -v = Darwin Kernel Version 10.3.0: Fri Feb 26 11:58:09 PST 2010; root:xnu-1504.3.12~1/RELEASE_I386

/usr/bin/uname -p = i386
/bin/uname -X     = unknown

/bin/arch              = unknown
/usr/bin/arch -k       = unknown
/usr/convex/getsysinfo = unknown
hostinfo               = Mach kernel version:
	 Darwin Kernel Version 10.3.0: Fri Feb 26 11:58:09 PST 2010; root:xnu-1504.3.12~1/RELEASE_I386
Kernel configured for up to 2 processors.
2 processors are physically available.
2 processors are logically available.
Processor type: i486 (Intel 80486)
Processors active: 0 1
Primary memory available: 4.00 gigabytes
Default processor set: 92 tasks, 350 threads, 2 processors
Load average: 0.54, Mach factor: 1.45
/bin/machine           = unknown
/usr/bin/oslevel       = unknown
/bin/universe          = unknown

PATH: /opt/local/bin
PATH: /opt/local/sbin
PATH: /Users/damon/bin
PATH: /usr/local/bin
PATH: /usr/bin
PATH: /bin
PATH: /usr/sbin
PATH: /sbin
PATH: /usr/local/bin
PATH: /usr/X11/bin
PATH: /usr/local/git/bin
PATH: /usr/local/ImageMagick-6.4.1/bin


## ----------- ##
## Core tests. ##
## ----------- ##

configure:1577: checking for correct TEA configuration
configure:1596: result: ok (TEA 3.2)
configure:1739: checking for Tcl configuration
configure:1827: result: found /Users/damon/src/installkit/out/lib/tclConfig.sh
configure:1833: checking for existence of /Users/damon/src/installkit/out/lib/tclConfig.sh
configure:1837: result: loading
configure:1909: --prefix defaulting to TCL_PREFIX /Users/damon/src/installkit/out
configure:1921: --exec-prefix defaulting to TCL_EXEC_PREFIX /Users/damon/src/installkit/out
configure:1995: checking for gcc
configure:2011: found /usr/bin/gcc
configure:2021: result: gcc
configure:2301: checking for C compiler version
configure:2304: gcc --version </dev/null >&5
i686-apple-darwin10-gcc-4.2.1 (GCC) 4.2.1 (Apple Inc. build 5646) (dot 1)
Copyright (C) 2007 Free Software Foundation, Inc.
This is free software; see the source for copying conditions.  There is NO
warranty; not even for MERCHANTABILITY or FITNESS FOR A PARTICULAR PURPOSE.

configure:2307: $? = 0
configure:2309: gcc -v </dev/null >&5
Using built-in specs.
Target: i686-apple-darwin10
Configured with: /var/tmp/gcc/gcc-5646.1~2/src/configure --disable-checking --enable-werror --prefix=/usr --mandir=/share/man --enable-languages=c,objc,c++,obj-c++ --program-transform-name=/^[cg][^.-]*$/s/$/-4.2/ --with-slibdir=/usr/lib --build=i686-apple-darwin10 --with-gxx-include-dir=/include/c++/4.2.1 --program-prefix=i686-apple-darwin10- --host=x86_64-apple-darwin10 --target=i686-apple-darwin10
Thread model: posix
gcc version 4.2.1 (Apple Inc. build 5646) (dot 1)
configure:2312: $? = 0
configure:2314: gcc -V </dev/null >&5
gcc-4.2: argument to `-V' is missing
configure:2317: $? = 1
configure:2340: checking for C compiler default output file name
configure:2362: gcc    conftest.c  >&5
configure:2365: $? = 0
configure:2403: result: a.out
configure:2408: checking whether the C compiler works
configure:2414: ./a.out
configure:2417: $? = 0
configure:2434: result: yes
configure:2441: checking whether we are cross compiling
configure:2443: result: no
configure:2446: checking for suffix of executables
configure:2448: gcc -o conftest    conftest.c  >&5
configure:2451: $? = 0
configure:2476: result: 
configure:2482: checking for suffix of object files
configure:2503: gcc -c   conftest.c >&5
configure:2506: $? = 0
configure:2528: result: o
configure:2532: checking whether we are using the GNU C compiler
configure:2556: gcc -c   conftest.c >&5
configure:2562: $? = 0
configure:2566: test -z 
			 || test ! -s conftest.err
configure:2569: $? = 0
configure:2572: test -s conftest.o
configure:2575: $? = 0
configure:2588: result: yes
configure:2593: checking whether gcc accepts -g
configure:2618: gcc -c -g  conftest.c >&5
configure:2624: $? = 0
configure:2628: test -z yes
			 || test ! -s conftest.err
configure:2631: $? = 0
configure:2634: test -s conftest.o
configure:2637: $? = 0
configure:2739: result: yes
configure:2756: checking for gcc option to accept ANSI C
configure:2826: gcc  -c   conftest.c >&5
configure:2832: $? = 0
configure:2836: test -z 
			 || test ! -s conftest.err
configure:2839: $? = 0
configure:2842: test -s conftest.o
configure:2845: $? = 0
configure:2863: result: none needed
configure:2881: gcc -c   conftest.c >&5
conftest.c:2: error: expected '=', ',', ';', 'asm' or '__attribute__' before 'me'
configure:2887: $? = 1
configure: failed program was:
| #ifndef __cplusplus
|   choke me
| #endif
configure:3025: checking how to run the C preprocessor
configure:3060: gcc -E  conftest.c
configure:3066: $? = 0
configure:3098: gcc -E  conftest.c
conftest.c:9:28: error: ac_nonexistent.h: No such file or directory
configure:3104: $? = 1
configure: failed program was:
| /* confdefs.h.  */
|              
| #define PACKAGE_NAME "Ffidl"
| #define PACKAGE_TARNAME "ffidl"
| #define PACKAGE_VERSION "0.6"
| #define PACKAGE_STRING "Ffidl 0.6"
| #define PACKAGE_BUGREPORT ""
| /* end confdefs.h.  */
| #include <ac_nonexistent.h>
configure:3143: result: gcc -E
configure:3167: gcc -E  conftest.c
configure:3173: $? = 0
configure:3205: gcc -E  conftest.c
conftest.c:9:28: error: ac_nonexistent.h: No such file or directory
configure:3211: $? = 1
configure: failed program was:
| /* confdefs.h.  */
|              
| #define PACKAGE_NAME "Ffidl"
| #define PACKAGE_TARNAME "ffidl"
| #define PACKAGE_VERSION "0.6"
| #define PACKAGE_STRING "Ffidl 0.6"
| #define PACKAGE_BUGREPORT ""
| /* end confdefs.h.  */
| #include <ac_nonexistent.h>
configure:3268: checking for a BSD-compatible install
configure:3323: result: /usr/bin/install -c
configure:3339: checking whether make sets $(MAKE)
configure:3359: result: yes
configure:3414: checking for ranlib
configure:3430: found /usr/bin/ranlib
configure:3440: result: ranlib
configure:3474: checking for grep that handles long lines and -e
configure:3568: result: /usr/bin/grep
configure:3573: checking for egrep
configure:3671: result: /usr/bin/grep -E
configure:3676: checking for ANSI C header files
configure:3701: gcc -c   conftest.c >&5
configure:3707: $? = 0
configure:3711: test -z 
			 || test ! -s conftest.err
configure:3714: $? = 0
configure:3717: test -s conftest.o
configure:3720: $? = 0
configure:3810: gcc -o conftest    conftest.c  >&5
configure:3813: $? = 0
configure:3815: ./conftest
configure:3818: $? = 0
configure:3833: result: yes
configure:3857: checking for sys/types.h
configure:3873: gcc -c   conftest.c >&5
configure:3879: $? = 0
configure:3883: test -z 
			 || test ! -s conftest.err
configure:3886: $? = 0
configure:3889: test -s conftest.o
configure:3892: $? = 0
configure:3903: result: yes
configure:3857: checking for sys/stat.h
configure:3873: gcc -c   conftest.c >&5
configure:3879: $? = 0
configure:3883: test -z 
			 || test ! -s conftest.err
configure:3886: $? = 0
configure:3889: test -s conftest.o
configure:3892: $? = 0
configure:3903: result: yes
configure:3857: checking for stdlib.h
configure:3873: gcc -c   conftest.c >&5
configure:3879: $? = 0
configure:3883: test -z 
			 || test ! -s conftest.err
configure:3886: $? = 0
configure:3889: test -s conftest.o
configure:3892: $? = 0
configure:3903: result: yes
configure:3857: checking for string.h
configure:3873: gcc -c   conftest.c >&5
configure:3879: $? = 0
configure:3883: test -z 
			 || test ! -s conftest.err
configure:3886: $? = 0
configure:3889: test -s conftest.o
configure:3892: $? = 0
configure:3903: result: yes
configure:3857: checking for memory.h
configure:3873: gcc -c   conftest.c >&5
configure:3879: $? = 0
configure:3883: test -z 
			 || test ! -s conftest.err
configure:3886: $? = 0
configure:3889: test -s conftest.o
configure:3892: $? = 0
configure:3903: result: yes
configure:3857: checking for strings.h
configure:3873: gcc -c   conftest.c >&5
configure:3879: $? = 0
configure:3883: test -z 
			 || test ! -s conftest.err
configure:3886: $? = 0
configure:3889: test -s conftest.o
configure:3892: $? = 0
configure:3903: result: yes
configure:3857: checking for inttypes.h
configure:3873: gcc -c   conftest.c >&5
configure:3879: $? = 0
configure:3883: test -z 
			 || test ! -s conftest.err
configure:3886: $? = 0
configure:3889: test -s conftest.o
configure:3892: $? = 0
configure:3903: result: yes
configure:3857: checking for stdint.h
configure:3873: gcc -c   conftest.c >&5
configure:3879: $? = 0
configure:3883: test -z 
			 || test ! -s conftest.err
configure:3886: $? = 0
configure:3889: test -s conftest.o
configure:3892: $? = 0
configure:3903: result: yes
configure:3857: checking for unistd.h
configure:3873: gcc -c   conftest.c >&5
configure:3879: $? = 0
configure:3883: test -z 
			 || test ! -s conftest.err
configure:3886: $? = 0
configure:3889: test -s conftest.o
configure:3892: $? = 0
configure:3903: result: yes
configure:3925: checking if the compiler understands -pipe
configure:3945: gcc -pipe -c   conftest.c >&5
configure:3951: $? = 0
configure:3955: test -z 
			 || test ! -s conftest.err
configure:3958: $? = 0
configure:3961: test -s conftest.o
configure:3964: $? = 0
configure:3966: result: yes
configure:3983: checking whether byte ordering is bigendian
configure:4010: gcc -pipe -c   conftest.c >&5
configure:4016: $? = 0
configure:4020: test -z 
			 || test ! -s conftest.err
configure:4023: $? = 0
configure:4026: test -s conftest.o
configure:4029: $? = 0
configure:4053: gcc -pipe -c   conftest.c >&5
conftest.c: In function 'main':
conftest.c:26: error: 'not' undeclared (first use in this function)
conftest.c:26: error: (Each undeclared identifier is reported only once
conftest.c:26: error: for each function it appears in.)
conftest.c:26: error: expected ';' before 'big'
configure:4059: $? = 1
configure: failed program was:
| /* confdefs.h.  */
|              
| #define PACKAGE_NAME "Ffidl"
| #define PACKAGE_TARNAME "ffidl"
| #define PACKAGE_VERSION "0.6"
| #define PACKAGE_STRING "Ffidl 0.6"
| #define PACKAGE_BUGREPORT ""
| #define STDC_HEADERS 1
| #define HAVE_SYS_TYPES_H 1
| #define HAVE_SYS_STAT_H 1
| #define HAVE_STDLIB_H 1
| #define HAVE_STRING_H 1
| #define HAVE_MEMORY_H 1
| #define HAVE_STRINGS_H 1
| #define HAVE_INTTYPES_H 1
| #define HAVE_STDINT_H 1
| #define HAVE_UNISTD_H 1
| /* end confdefs.h.  */
| #include <sys/types.h>
| #include <sys/param.h>
| 
| int
| main ()
| {
| #if BYTE_ORDER != BIG_ENDIAN
|  not big endian
| #endif
| 
|   ;
|   return 0;
| }
configure:4199: result: no
configure:4227: checking for sin
configure:4284: gcc -pipe -o conftest    conftest.c  >&5
conftest.c:43: warning: conflicting types for built-in function 'sin'
configure:4290: $? = 0
configure:4294: test -z 
			 || test ! -s conftest.err
configure:4297: $? = 0
configure:4300: test -s conftest
configure:4303: $? = 0
configure:4315: result: yes
configure:4323: checking for main in -lieee
configure:4347: gcc -pipe -o conftest    conftest.c -lieee   >&5
ld: library not found for -lieee
collect2: ld returned 1 exit status
configure:4353: $? = 1
configure: failed program was:
| /* confdefs.h.  */
|              
| #define PACKAGE_NAME "Ffidl"
| #define PACKAGE_TARNAME "ffidl"
| #define PACKAGE_VERSION "0.6"
| #define PACKAGE_STRING "Ffidl 0.6"
| #define PACKAGE_BUGREPORT ""
| #define STDC_HEADERS 1
| #define HAVE_SYS_TYPES_H 1
| #define HAVE_SYS_STAT_H 1
| #define HAVE_STDLIB_H 1
| #define HAVE_STRING_H 1
| #define HAVE_MEMORY_H 1
| #define HAVE_STRINGS_H 1
| #define HAVE_INTTYPES_H 1
| #define HAVE_STDINT_H 1
| #define HAVE_UNISTD_H 1
| /* end confdefs.h.  */
| 
| 
| int
| main ()
| {
| main ();
|   ;
|   return 0;
| }
configure:4379: result: no
configure:4391: checking for main in -linet
configure:4415: gcc -pipe -o conftest    conftest.c -linet   >&5
ld: library not found for -linet
collect2: ld returned 1 exit status
configure:4421: $? = 1
configure: failed program was:
| /* confdefs.h.  */
|              
| #define PACKAGE_NAME "Ffidl"
| #define PACKAGE_TARNAME "ffidl"
| #define PACKAGE_VERSION "0.6"
| #define PACKAGE_STRING "Ffidl 0.6"
| #define PACKAGE_BUGREPORT ""
| #define STDC_HEADERS 1
| #define HAVE_SYS_TYPES_H 1
| #define HAVE_SYS_STAT_H 1
| #define HAVE_STDLIB_H 1
| #define HAVE_STRING_H 1
| #define HAVE_MEMORY_H 1
| #define HAVE_STRINGS_H 1
| #define HAVE_INTTYPES_H 1
| #define HAVE_STDINT_H 1
| #define HAVE_UNISTD_H 1
| /* end confdefs.h.  */
| 
| 
| int
| main ()
| {
| main ();
|   ;
|   return 0;
| }
configure:4447: result: no
configure:4463: checking net/errno.h usability
configure:4475: gcc -pipe -c   conftest.c >&5
conftest.c:52:23: error: net/errno.h: No such file or directory
configure:4481: $? = 1
configure: failed program was:
| /* confdefs.h.  */
|              
| #define PACKAGE_NAME "Ffidl"
| #define PACKAGE_TARNAME "ffidl"
| #define PACKAGE_VERSION "0.6"
| #define PACKAGE_STRING "Ffidl 0.6"
| #define PACKAGE_BUGREPORT ""
| #define STDC_HEADERS 1
| #define HAVE_SYS_TYPES_H 1
| #define HAVE_SYS_STAT_H 1
| #define HAVE_STDLIB_H 1
| #define HAVE_STRING_H 1
| #define HAVE_MEMORY_H 1
| #define HAVE_STRINGS_H 1
| #define HAVE_INTTYPES_H 1
| #define HAVE_STDINT_H 1
| #define HAVE_UNISTD_H 1
| /* end confdefs.h.  */
| #include <stdio.h>
| #if HAVE_SYS_TYPES_H
| # include <sys/types.h>
| #endif
| #if HAVE_SYS_STAT_H
| # include <sys/stat.h>
| #endif
| #if STDC_HEADERS
| # include <stdlib.h>
| # include <stddef.h>
| #else
| # if HAVE_STDLIB_H
| #  include <stdlib.h>
| # endif
| #endif
| #if HAVE_STRING_H
| # if !STDC_HEADERS && HAVE_MEMORY_H
| #  include <memory.h>
| # endif
| # include <string.h>
| #endif
| #if HAVE_STRINGS_H
| # include <strings.h>
| #endif
| #if HAVE_INTTYPES_H
| # include <inttypes.h>
| #endif
| #if HAVE_STDINT_H
| # include <stdint.h>
| #endif
| #if HAVE_UNISTD_H
| # include <unistd.h>
| #endif
| #include <net/errno.h>
configure:4504: result: no
configure:4508: checking net/errno.h presence
configure:4518: gcc -E  conftest.c
conftest.c:19:23: error: net/errno.h: No such file or directory
configure:4524: $? = 1
configure: failed program was:
| /* confdefs.h.  */
|              
| #define PACKAGE_NAME "Ffidl"
| #define PACKAGE_TARNAME "ffidl"
| #define PACKAGE_VERSION "0.6"
| #define PACKAGE_STRING "Ffidl 0.6"
| #define PACKAGE_BUGREPORT ""
| #define STDC_HEADERS 1
| #define HAVE_SYS_TYPES_H 1
| #define HAVE_SYS_STAT_H 1
| #define HAVE_STDLIB_H 1
| #define HAVE_STRING_H 1
| #define HAVE_MEMORY_H 1
| #define HAVE_STRINGS_H 1
| #define HAVE_INTTYPES_H 1
| #define HAVE_STDINT_H 1
| #define HAVE_UNISTD_H 1
| /* end confdefs.h.  */
| #include <net/errno.h>
configure:4544: result: no
configure:4579: checking for net/errno.h
configure:4586: result: no
configure:4620: checking for connect
configure:4677: gcc -pipe -o conftest    conftest.c  >&5
configure:4683: $? = 0
configure:4687: test -z 
			 || test ! -s conftest.err
configure:4690: $? = 0
configure:4693: test -s conftest
configure:4696: $? = 0
configure:4708: result: yes
configure:4983: checking for gethostbyname
configure:5040: gcc -pipe -o conftest    conftest.c  >&5
configure:5046: $? = 0
configure:5050: test -z 
			 || test ! -s conftest.err
configure:5053: $? = 0
configure:5056: test -s conftest
configure:5059: $? = 0
configure:5071: result: yes
configure:5155: checking dirent.h
configure:5195: gcc -pipe -o conftest    conftest.c  >&5
configure:5201: $? = 0
configure:5205: test -z 
			 || test ! -s conftest.err
configure:5208: $? = 0
configure:5211: test -s conftest
configure:5214: $? = 0
configure:5236: result: 
configure:5248: checking errno.h usability
configure:5260: gcc -pipe -c   conftest.c >&5
configure:5266: $? = 0
configure:5270: test -z 
			 || test ! -s conftest.err
configure:5273: $? = 0
configure:5276: test -s conftest.o
configure:5279: $? = 0
configure:5289: result: yes
configure:5293: checking errno.h presence
configure:5303: gcc -E  conftest.c
configure:5309: $? = 0
configure:5329: result: yes
configure:5364: checking for errno.h
configure:5371: result: yes
configure:5396: checking float.h usability
configure:5408: gcc -pipe -c   conftest.c >&5
configure:5414: $? = 0
configure:5418: test -z 
			 || test ! -s conftest.err
configure:5421: $? = 0
configure:5424: test -s conftest.o
configure:5427: $? = 0
configure:5437: result: yes
configure:5441: checking float.h presence
configure:5451: gcc -E  conftest.c
configure:5457: $? = 0
configure:5477: result: yes
configure:5512: checking for float.h
configure:5519: result: yes
configure:5544: checking values.h usability
configure:5556: gcc -pipe -c   conftest.c >&5
conftest.c:52:20: error: values.h: No such file or directory
configure:5562: $? = 1
configure: failed program was:
| /* confdefs.h.  */
|              
| #define PACKAGE_NAME "Ffidl"
| #define PACKAGE_TARNAME "ffidl"
| #define PACKAGE_VERSION "0.6"
| #define PACKAGE_STRING "Ffidl 0.6"
| #define PACKAGE_BUGREPORT ""
| #define STDC_HEADERS 1
| #define HAVE_SYS_TYPES_H 1
| #define HAVE_SYS_STAT_H 1
| #define HAVE_STDLIB_H 1
| #define HAVE_STRING_H 1
| #define HAVE_MEMORY_H 1
| #define HAVE_STRINGS_H 1
| #define HAVE_INTTYPES_H 1
| #define HAVE_STDINT_H 1
| #define HAVE_UNISTD_H 1
| /* end confdefs.h.  */
| #include <stdio.h>
| #if HAVE_SYS_TYPES_H
| # include <sys/types.h>
| #endif
| #if HAVE_SYS_STAT_H
| # include <sys/stat.h>
| #endif
| #if STDC_HEADERS
| # include <stdlib.h>
| # include <stddef.h>
| #else
| # if HAVE_STDLIB_H
| #  include <stdlib.h>
| # endif
| #endif
| #if HAVE_STRING_H
| # if !STDC_HEADERS && HAVE_MEMORY_H
| #  include <memory.h>
| # endif
| # include <string.h>
| #endif
| #if HAVE_STRINGS_H
| # include <strings.h>
| #endif
| #if HAVE_INTTYPES_H
| # include <inttypes.h>
| #endif
| #if HAVE_STDINT_H
| # include <stdint.h>
| #endif
| #if HAVE_UNISTD_H
| # include <unistd.h>
| #endif
| #include <values.h>
configure:5585: result: no
configure:5589: checking values.h presence
configure:5599: gcc -E  conftest.c
conftest.c:19:20: error: values.h: No such file or directory
configure:5605: $? = 1
configure: failed program was:
| /* confdefs.h.  */
|              
| #define PACKAGE_NAME "Ffidl"
| #define PACKAGE_TARNAME "ffidl"
| #define PACKAGE_VERSION "0.6"
| #define PACKAGE_STRING "Ffidl 0.6"
| #define PACKAGE_BUGREPORT ""
| #define STDC_HEADERS 1
| #define HAVE_SYS_TYPES_H 1
| #define HAVE_SYS_STAT_H 1
| #define HAVE_STDLIB_H 1
| #define HAVE_STRING_H 1
| #define HAVE_MEMORY_H 1
| #define HAVE_STRINGS_H 1
| #define HAVE_INTTYPES_H 1
| #define HAVE_STDINT_H 1
| #define HAVE_UNISTD_H 1
| /* end confdefs.h.  */
| #include <values.h>
configure:5625: result: no
configure:5660: checking for values.h
configure:5667: result: no
configure:5692: checking limits.h usability
configure:5704: gcc -pipe -c   conftest.c >&5
configure:5710: $? = 0
configure:5714: test -z 
			 || test ! -s conftest.err
configure:5717: $? = 0
configure:5720: test -s conftest.o
configure:5723: $? = 0
configure:5733: result: yes
configure:5737: checking limits.h presence
configure:5747: gcc -E  conftest.c
configure:5753: $? = 0
configure:5773: result: yes
configure:5808: checking for limits.h
configure:5815: result: yes
configure:5835: checking for stdlib.h
configure:5840: result: yes
configure:6037: checking for string.h
configure:6042: result: yes
configure:6236: checking sys/wait.h usability
configure:6248: gcc -pipe -c   conftest.c >&5
configure:6254: $? = 0
configure:6258: test -z 
			 || test ! -s conftest.err
configure:6261: $? = 0
configure:6264: test -s conftest.o
configure:6267: $? = 0
configure:6277: result: yes
configure:6281: checking sys/wait.h presence
configure:6291: gcc -E  conftest.c
configure:6297: $? = 0
configure:6317: result: yes
configure:6352: checking for sys/wait.h
configure:6359: result: yes
configure:6384: checking dlfcn.h usability
configure:6396: gcc -pipe -c   conftest.c >&5
configure:6402: $? = 0
configure:6406: test -z 
			 || test ! -s conftest.err
configure:6409: $? = 0
configure:6412: test -s conftest.o
configure:6415: $? = 0
configure:6425: result: yes
configure:6429: checking dlfcn.h presence
configure:6439: gcc -E  conftest.c
configure:6445: $? = 0
configure:6465: result: yes
configure:6500: checking for dlfcn.h
configure:6507: result: yes
configure:6538: checking sys/param.h usability
configure:6550: gcc -pipe -c   conftest.c >&5
configure:6556: $? = 0
configure:6560: test -z 
			 || test ! -s conftest.err
configure:6563: $? = 0
configure:6566: test -s conftest.o
configure:6569: $? = 0
configure:6579: result: yes
configure:6583: checking sys/param.h presence
configure:6593: gcc -E  conftest.c
configure:6599: $? = 0
configure:6619: result: yes
configure:6654: checking for sys/param.h
configure:6661: result: yes
configure:6843: checking for Tcl private include files
configure:6881: result: Using srcdir found in tclConfig.sh: /Users/damon/src/installkit/src/tcl
configure:6893: checking which library to use for foreign function calls
configure:6936: result: libffi
configure:6976: checking whether to implement callbacks
configure:6985: result: yes
configure:6995: checking whether to build ffidl test functions
configure:7004: result: yes
configure:7057: checking whether char is unsigned
configure:7080: gcc -pipe -c   conftest.c >&5
configure:7086: $? = 0
configure:7090: test -z 
			 || test ! -s conftest.err
configure:7093: $? = 0
configure:7096: test -s conftest.o
configure:7099: $? = 0
configure:7110: result: no
configure:7119: checking for char
configure:7143: gcc -pipe -c   conftest.c >&5
configure:7149: $? = 0
configure:7153: test -z 
			 || test ! -s conftest.err
configure:7156: $? = 0
configure:7159: test -s conftest.o
configure:7162: $? = 0
configure:7173: result: yes
configure:7176: checking size of char
configure:7488: gcc -pipe -o conftest    conftest.c  >&5
configure:7491: $? = 0
configure:7493: ./conftest
configure:7496: $? = 0
configure:7518: result: 1
configure:7525: checking for char
configure:7579: result: yes
configure:7582: checking alignment of char
configure:7908: gcc -pipe -o conftest    conftest.c  >&5
configure:7911: $? = 0
configure:7913: ./conftest
configure:7916: $? = 0
configure:7938: result: 1
configure:7945: checking for short
configure:7969: gcc -pipe -c   conftest.c >&5
configure:7975: $? = 0
configure:7979: test -z 
			 || test ! -s conftest.err
configure:7982: $? = 0
configure:7985: test -s conftest.o
configure:7988: $? = 0
configure:7999: result: yes
configure:8002: checking size of short
configure:8314: gcc -pipe -o conftest    conftest.c  >&5
configure:8317: $? = 0
configure:8319: ./conftest
configure:8322: $? = 0
configure:8344: result: 2
configure:8351: checking for short
configure:8405: result: yes
configure:8408: checking alignment of short
configure:8734: gcc -pipe -o conftest    conftest.c  >&5
configure:8737: $? = 0
configure:8739: ./conftest
configure:8742: $? = 0
configure:8764: result: 2
configure:8771: checking for int
configure:8795: gcc -pipe -c   conftest.c >&5
configure:8801: $? = 0
configure:8805: test -z 
			 || test ! -s conftest.err
configure:8808: $? = 0
configure:8811: test -s conftest.o
configure:8814: $? = 0
configure:8825: result: yes
configure:8828: checking size of int
configure:9140: gcc -pipe -o conftest    conftest.c  >&5
configure:9143: $? = 0
configure:9145: ./conftest
configure:9148: $? = 0
configure:9170: result: 4
configure:9177: checking for int
configure:9231: result: yes
configure:9234: checking alignment of int
configure:9560: gcc -pipe -o conftest    conftest.c  >&5
configure:9563: $? = 0
configure:9565: ./conftest
configure:9568: $? = 0
configure:9590: result: 4
configure:9597: checking for long
configure:9621: gcc -pipe -c   conftest.c >&5
configure:9627: $? = 0
configure:9631: test -z 
			 || test ! -s conftest.err
configure:9634: $? = 0
configure:9637: test -s conftest.o
configure:9640: $? = 0
configure:9651: result: yes
configure:9654: checking size of long
configure:9966: gcc -pipe -o conftest    conftest.c  >&5
configure:9969: $? = 0
configure:9971: ./conftest
configure:9974: $? = 0
configure:9996: result: 8
configure:10003: checking for long
configure:10057: result: yes
configure:10060: checking alignment of long
configure:10386: gcc -pipe -o conftest    conftest.c  >&5
configure:10389: $? = 0
configure:10391: ./conftest
configure:10394: $? = 0
configure:10416: result: 8
configure:10423: checking for long long
configure:10447: gcc -pipe -c   conftest.c >&5
configure:10453: $? = 0
configure:10457: test -z 
			 || test ! -s conftest.err
configure:10460: $? = 0
configure:10463: test -s conftest.o
configure:10466: $? = 0
configure:10477: result: yes
configure:10488: checking for long long
configure:10542: result: yes
configure:10545: checking size of long long
configure:10857: gcc -pipe -o conftest    conftest.c  >&5
configure:10860: $? = 0
configure:10862: ./conftest
configure:10865: $? = 0
configure:10887: result: 8
configure:10894: checking for long long
configure:10948: result: yes
configure:10951: checking alignment of long long
configure:11277: gcc -pipe -o conftest    conftest.c  >&5
configure:11280: $? = 0
configure:11282: ./conftest
configure:11285: $? = 0
configure:11307: result: 8
configure:11314: checking for float
configure:11338: gcc -pipe -c   conftest.c >&5
configure:11344: $? = 0
configure:11348: test -z 
			 || test ! -s conftest.err
configure:11351: $? = 0
configure:11354: test -s conftest.o
configure:11357: $? = 0
configure:11368: result: yes
configure:11371: checking size of float
configure:11683: gcc -pipe -o conftest    conftest.c  >&5
configure:11686: $? = 0
configure:11688: ./conftest
configure:11691: $? = 0
configure:11713: result: 4
configure:11720: checking for float
configure:11774: result: yes
configure:11777: checking alignment of float
configure:12103: gcc -pipe -o conftest    conftest.c  >&5
configure:12106: $? = 0
configure:12108: ./conftest
configure:12111: $? = 0
configure:12133: result: 4
configure:12140: checking for double
configure:12164: gcc -pipe -c   conftest.c >&5
configure:12170: $? = 0
configure:12174: test -z 
			 || test ! -s conftest.err
configure:12177: $? = 0
configure:12180: test -s conftest.o
configure:12183: $? = 0
configure:12194: result: yes
configure:12197: checking size of double
configure:12509: gcc -pipe -o conftest    conftest.c  >&5
configure:12512: $? = 0
configure:12514: ./conftest
configure:12517: $? = 0
configure:12539: result: 8
configure:12546: checking for double
configure:12600: result: yes
configure:12603: checking alignment of double
configure:12929: gcc -pipe -o conftest    conftest.c  >&5
configure:12932: $? = 0
configure:12934: ./conftest
configure:12937: $? = 0
configure:12959: result: 8
configure:12966: checking for working long double with more range or precision than double
configure:13006: gcc -pipe -c   conftest.c >&5
configure:13012: $? = 0
configure:13016: test -z 
			 || test ! -s conftest.err
configure:13019: $? = 0
configure:13022: test -s conftest.o
configure:13025: $? = 0
configure:13036: result: yes
configure:13046: checking for long double
configure:13070: gcc -pipe -c   conftest.c >&5
configure:13076: $? = 0
configure:13080: test -z 
			 || test ! -s conftest.err
configure:13083: $? = 0
configure:13086: test -s conftest.o
configure:13089: $? = 0
configure:13100: result: yes
configure:13103: checking size of long double
configure:13415: gcc -pipe -o conftest    conftest.c  >&5
configure:13418: $? = 0
configure:13420: ./conftest
configure:13423: $? = 0
configure:13445: result: 16
configure:13452: checking for long double
configure:13506: result: yes
configure:13509: checking alignment of long double
configure:13835: gcc -pipe -o conftest    conftest.c  >&5
configure:13838: $? = 0
configure:13840: ./conftest
configure:13843: $? = 0
configure:13865: result: 16
configure:13872: checking for void *
configure:13896: gcc -pipe -c   conftest.c >&5
configure:13902: $? = 0
configure:13906: test -z 
			 || test ! -s conftest.err
configure:13909: $? = 0
configure:13912: test -s conftest.o
configure:13915: $? = 0
configure:13926: result: yes
configure:13929: checking size of void *
configure:14241: gcc -pipe -o conftest    conftest.c  >&5
configure:14244: $? = 0
configure:14246: ./conftest
configure:14249: $? = 0
configure:14271: result: 8
configure:14278: checking for void *
configure:14332: result: yes
configure:14335: checking alignment of void *
configure:14661: gcc -pipe -o conftest    conftest.c  >&5
configure:14664: $? = 0
configure:14666: ./conftest
configure:14669: $? = 0
configure:14691: result: 8
configure:14705: checking build system type
configure:14723: result: i686-apple-darwin10.3.0
configure:14731: checking host system type
configure:14745: result: i686-apple-darwin10.3.0
configure:15388: checking for building with threads
configure:15400: result: no (default)
configure:15436: checking how to build libraries
configure:15454: result: shared
configure:15479: checking for tclsh
configure:15510: result: /Users/damon/src/installkit/out/lib/../bin/tclsh8.6
configure:15525: checking if 64bit support is enabled
configure:15534: result: no
configure:15539: checking if 64bit Sparc VIS support is requested
configure:15548: result: no
configure:15576: checking system version (for dynamic loading)
configure:15599: result: Darwin-10.3.0
configure:15607: checking for dlopen in -ldl
configure:15637: gcc -pipe -o conftest    conftest.c -ldl   >&5
configure:15643: $? = 0
configure:15647: test -z 
			 || test ! -s conftest.err
configure:15650: $? = 0
configure:15653: test -s conftest
configure:15656: $? = 0
configure:15669: result: yes
configure:15703: checking for ar
configure:15719: found /usr/bin/ar
configure:15729: result: ar
configure:17181: checking if ld accepts -single_module flag
configure:17205: gcc -pipe -o conftest    -dynamiclib -Wl,-single_module conftest.c  >&5
configure:17211: $? = 0
configure:17215: test -z 
			 || test ! -s conftest.err
configure:17218: $? = 0
configure:17221: test -s conftest
configure:17224: $? = 0
configure:17237: result: yes
configure:17247: checking if ld accepts -search_paths_first flag
configure:17271: gcc -pipe -o conftest    -prebind -Wl,-search_paths_first conftest.c  >&5
configure:17277: $? = 0
configure:17281: test -z 
			 || test ! -s conftest.err
configure:17284: $? = 0
configure:17287: test -s conftest
configure:17290: $? = 0
configure:17303: result: yes
configure:17952: checking for required early compiler flags
configure:17975: gcc -pipe -c   conftest.c >&5
configure:17981: $? = 0
configure:17985: test -z 
			 || test ! -s conftest.err
configure:17988: $? = 0
configure:17991: test -s conftest.o
configure:17994: $? = 0
configure:18080: gcc -pipe -c   conftest.c >&5
conftest.c: In function 'main':
conftest.c:50: warning: 'stat64' is deprecated (declared at /usr/include/sys/stat.h:465)
configure:18086: $? = 0
configure:18090: test -z 
			 || test ! -s conftest.err
configure:18093: $? = 0
configure:18096: test -s conftest.o
configure:18099: $? = 0
configure:18166: result: none
configure:18174: checking for 64-bit integer type
configure:18198: gcc -pipe -c   conftest.c >&5
conftest.c: In function 'main':
conftest.c:50: error: '__int64' undeclared (first use in this function)
conftest.c:50: error: (Each undeclared identifier is reported only once
conftest.c:50: error: for each function it appears in.)
conftest.c:50: error: expected ';' before 'value'
configure:18204: $? = 1
configure: failed program was:
| /* confdefs.h.  */
|              
| #define PACKAGE_NAME "Ffidl"
| #define PACKAGE_TARNAME "ffidl"
| #define PACKAGE_VERSION "0.6"
| #define PACKAGE_STRING "Ffidl 0.6"
| #define PACKAGE_BUGREPORT ""
| #define STDC_HEADERS 1
| #define HAVE_SYS_TYPES_H 1
| #define HAVE_SYS_STAT_H 1
| #define HAVE_STDLIB_H 1
| #define HAVE_STRING_H 1
| #define HAVE_MEMORY_H 1
| #define HAVE_STRINGS_H 1
| #define HAVE_INTTYPES_H 1
| #define HAVE_STDINT_H 1
| #define HAVE_UNISTD_H 1
| #define NO_VALUES_H 1
| #define HAVE_LIMITS_H 1
| #define HAVE_SYS_PARAM_H 1
| #define LOOKUP_TK_STUBS 1
| #define USE_LIBFFI 1
| #define USE_CALLBACKS 1
| #define SIZEOF_CHAR 1
| #define ALIGNOF_CHAR 1
| #define SIZEOF_SHORT 2
| #define ALIGNOF_SHORT 2
| #define SIZEOF_INT 4
| #define ALIGNOF_INT 4
| #define SIZEOF_LONG 8
| #define ALIGNOF_LONG 8
| #define HAVE_LONG_LONG 1
| #define SIZEOF_LONG_LONG 8
| #define ALIGNOF_LONG_LONG 8
| #define SIZEOF_FLOAT 4
| #define ALIGNOF_FLOAT 4
| #define SIZEOF_DOUBLE 8
| #define ALIGNOF_DOUBLE 8
| #define HAVE_LONG_DOUBLE 1
| #define SIZEOF_LONG_DOUBLE 16
| #define ALIGNOF_LONG_DOUBLE 16
| #define SIZEOF_VOID_P 8
| #define ALIGNOF_VOID_P 8
| #define CANONICAL_HOST "i686-apple-darwin10.3.0"
| /* end confdefs.h.  */
| 
| int
| main ()
| {
| __int64 value = (__int64) 0;
|   ;
|   return 0;
| }
configure:18248: gcc -pipe -c   conftest.c >&5
conftest.c: In function 'main':
conftest.c:51: error: duplicate case value
conftest.c:51: error: previously used here
configure:18254: $? = 1
configure: failed program was:
| /* confdefs.h.  */
|              
| #define PACKAGE_NAME "Ffidl"
| #define PACKAGE_TARNAME "ffidl"
| #define PACKAGE_VERSION "0.6"
| #define PACKAGE_STRING "Ffidl 0.6"
| #define PACKAGE_BUGREPORT ""
| #define STDC_HEADERS 1
| #define HAVE_SYS_TYPES_H 1
| #define HAVE_SYS_STAT_H 1
| #define HAVE_STDLIB_H 1
| #define HAVE_STRING_H 1
| #define HAVE_MEMORY_H 1
| #define HAVE_STRINGS_H 1
| #define HAVE_INTTYPES_H 1
| #define HAVE_STDINT_H 1
| #define HAVE_UNISTD_H 1
| #define NO_VALUES_H 1
| #define HAVE_LIMITS_H 1
| #define HAVE_SYS_PARAM_H 1
| #define LOOKUP_TK_STUBS 1
| #define USE_LIBFFI 1
| #define USE_CALLBACKS 1
| #define SIZEOF_CHAR 1
| #define ALIGNOF_CHAR 1
| #define SIZEOF_SHORT 2
| #define ALIGNOF_SHORT 2
| #define SIZEOF_INT 4
| #define ALIGNOF_INT 4
| #define SIZEOF_LONG 8
| #define ALIGNOF_LONG 8
| #define HAVE_LONG_LONG 1
| #define SIZEOF_LONG_LONG 8
| #define ALIGNOF_LONG_LONG 8
| #define SIZEOF_FLOAT 4
| #define ALIGNOF_FLOAT 4
| #define SIZEOF_DOUBLE 8
| #define ALIGNOF_DOUBLE 8
| #define HAVE_LONG_DOUBLE 1
| #define SIZEOF_LONG_DOUBLE 16
| #define ALIGNOF_LONG_DOUBLE 16
| #define SIZEOF_VOID_P 8
| #define ALIGNOF_VOID_P 8
| #define CANONICAL_HOST "i686-apple-darwin10.3.0"
| /* end confdefs.h.  */
| 
| int
| main ()
| {
| switch (0) {
|             case 1: case (sizeof(long long)==sizeof(long)): ;
|         }
|   ;
|   return 0;
| }
configure:18284: result: using long
configure:18532: checking for build with symbols
configure:18544: result: no
configure:18829: creating ./config.status

## ---------------------- ##
## Running config.status. ##
## ---------------------- ##

This file was extended by Ffidl config.status 0.6, which was
generated by GNU Autoconf 2.59b.  Invocation command line was

  CONFIG_FILES    = 
  CONFIG_HEADERS  = 
  CONFIG_LINKS    = 
  CONFIG_COMMANDS = 
  $ ./config.status 

on damon

config.status:712: creating GNUmakefile
config.status:816: creating ffidlConfig.h
config.status:998: ffidlConfig.h is unchanged

## ---------------- ##
## Cache variables. ##
## ---------------- ##

ac_cv_alignof_char=1
ac_cv_alignof_double=8
ac_cv_alignof_float=4
ac_cv_alignof_int=4
ac_cv_alignof_long=8
ac_cv_alignof_long_double=16
ac_cv_alignof_long_long=8
ac_cv_alignof_short=2
ac_cv_alignof_void_p=8
ac_cv_build=i686-apple-darwin10.3.0
ac_cv_build_alias=i686-apple-darwin10.3.0
ac_cv_c_bigendian=no
ac_cv_c_char_unsigned=no
ac_cv_c_compiler_gnu=yes
ac_cv_c_long_double=yes
ac_cv_c_tclconfig=/Users/damon/src/installkit/out/lib
ac_cv_env_CC_set=
ac_cv_env_CC_value=
ac_cv_env_CFLAGS_set=
ac_cv_env_CFLAGS_value=
ac_cv_env_CPPFLAGS_set=
ac_cv_env_CPPFLAGS_value=
ac_cv_env_CPP_set=
ac_cv_env_CPP_value=
ac_cv_env_LDFLAGS_set=
ac_cv_env_LDFLAGS_value=
ac_cv_env_build_alias_set=
ac_cv_env_build_alias_value=
ac_cv_env_host_alias_set=
ac_cv_env_host_alias_value=
ac_cv_env_target_alias_set=
ac_cv_env_target_alias_value=
ac_cv_exeext=
ac_cv_func_connect=yes
ac_cv_func_gethostbyname=yes
ac_cv_func_sin=yes
ac_cv_header_dlfcn_h=yes
ac_cv_header_errno_h=yes
ac_cv_header_float_h=yes
ac_cv_header_inttypes_h=yes
ac_cv_header_limits_h=yes
ac_cv_header_memory_h=yes
ac_cv_header_net_errno_h=no
ac_cv_header_stdc=yes
ac_cv_header_stdint_h=yes
ac_cv_header_stdlib_h=yes
ac_cv_header_string_h=yes
ac_cv_header_strings_h=yes
ac_cv_header_sys_param_h=yes
ac_cv_header_sys_stat_h=yes
ac_cv_header_sys_types_h=yes
ac_cv_header_sys_wait_h=yes
ac_cv_header_unistd_h=yes
ac_cv_header_values_h=no
ac_cv_host=i686-apple-darwin10.3.0
ac_cv_host_alias=i686-apple-darwin10.3.0
ac_cv_lib_dl_dlopen=yes
ac_cv_lib_ieee_main=no
ac_cv_lib_inet_main=no
ac_cv_objext=o
ac_cv_path_EGREP='/usr/bin/grep -E'
ac_cv_path_GREP=/usr/bin/grep
ac_cv_path_install='/usr/bin/install -c'
ac_cv_path_tclsh=/Users/damon/src/installkit/out/lib/../bin/tclsh8.6
ac_cv_prog_AR=ar
ac_cv_prog_CPP='gcc -E'
ac_cv_prog_ac_ct_CC=gcc
ac_cv_prog_ac_ct_RANLIB=ranlib
ac_cv_prog_cc_g=yes
ac_cv_prog_cc_stdc=
ac_cv_prog_make_make_set=yes
ac_cv_sizeof_char=1
ac_cv_sizeof_double=8
ac_cv_sizeof_float=4
ac_cv_sizeof_int=4
ac_cv_sizeof_long=8
ac_cv_sizeof_long_double=16
ac_cv_sizeof_long_long=8
ac_cv_sizeof_short=2
ac_cv_sizeof_void_p=8
ac_cv_type_char=yes
ac_cv_type_double=yes
ac_cv_type_float=yes
ac_cv_type_int=yes
ac_cv_type_long=yes
ac_cv_type_long_double=yes
ac_cv_type_long_long=yes
ac_cv_type_short=yes
ac_cv_type_void_p=yes
tcl_cv_dirent_h=yes
tcl_cv_flag__isoc99_source=no
tcl_cv_flag__largefile64_source=no
tcl_cv_ld_search_paths_first=yes
tcl_cv_ld_single_module=yes
tcl_cv_type_64bit=none

## ----------------- ##
## Output variables. ##
## ----------------- ##

AR='ar'
CC='gcc -pipe'
CELIB_DIR=''
CFLAGS=' ${CFLAGS_DEFAULT} ${CFLAGS_WARNING} ${SHLIB_CFLAGS}'
CFLAGS_DEBUG='-g'
CFLAGS_DEFAULT='-Os'
CFLAGS_OPTIMIZE='-Os'
CFLAGS_WARNING='-Wall -Wno-implicit-int'
CLEANFILES='pkgIndex.tcl'
CONFIG_CLEAN_FILES='ffidlConfig.h'
CPP='gcc -E'
CPPFLAGS=''
CYGPATH='echo'
DEFS='-DHAVE_FFIDL_CONFIG_H'
DL_LIBS=''
ECHO_C='ECHO_N=''
ECHO_T=''
EGREP='/usr/bin/grep -E'
EXEEXT=''
FFIDL_FFLIB='libffi'
FFIDL_TEST='1'
GREP='/usr/bin/grep'
INSTALL_DATA='${INSTALL} -m 644'
INSTALL_PROGRAM='${INSTALL}'
INSTALL_SCRIPT='${INSTALL}'
LDFLAGS=' -prebind -Wl,-search_paths_first'
LDFLAGS_DEBUG=''
LDFLAGS_DEFAULT=' -prebind -Wl,-search_paths_first'
LDFLAGS_OPTIMIZE=''
LD_LIBRARY_PATH_VAR='DYLD_LIBRARY_PATH'
LIBOBJS=''
LIBS=''
LTLIBOBJS=''
MAKE_LIB='${SHLIB_LD} -o $@ $(PKG_OBJECTS) ${SHLIB_LD_LIBS} '
MAKE_SHARED_LIB='${SHLIB_LD} -o $@ $(PKG_OBJECTS) ${SHLIB_LD_LIBS}'
MAKE_STATIC_LIB='${STLIB_LD} $@ $(PKG_OBJECTS)'
MAKE_STUB_LIB='${STLIB_LD} $@ $(PKG_STUB_OBJECTS)'
MATH_LIBS=''
OBJEXT='o'
PACKAGE_BUGREPORT=''
PACKAGE_NAME='Ffidl'
PACKAGE_STRING='Ffidl 0.6'
PACKAGE_TARNAME='ffidl'
PACKAGE_VERSION='0.6'
PATH_SEPARATOR=':'
PKG_CFLAGS=' '
PKG_DL_OBJS='tclLoadDyld.o'
PKG_HEADERS=''
PKG_INCLUDES=' -imacros ffidlConfig.h -Ilibffi/include'
PKG_LIBS=' libffi/.libs/libffi.a -lgcc'
PKG_LIB_FILE='libFfidl0.6.dylib'
PKG_OBJECTS=' ffidl.o ffidl_test.o'
PKG_SOURCES=' ffidl.c ffidl_test.c'
PKG_STUB_LIB_FILE='libFfidlstub0.6.a'
PKG_STUB_OBJECTS=''
PKG_STUB_SOURCES=''
PKG_TCL_SOURCES=' library/ffidlrt.tcl'
RANLIB=':'
RANLIB_STUB='ranlib'
SET_MAKE=''
SHARED_BUILD='1'
SHELL='/bin/sh'
SHLIB_CFLAGS='-fno-common'
SHLIB_LD='cc -dynamiclib ${LDFLAGS} -Wl,-single_module'
SHLIB_LD_LIBS='${LIBS} -L/Users/damon/src/installkit/out/lib -ltclstub8.6'
STLIB_LD='${AR} cr'
TCLSH_PROG='/Users/damon/src/installkit/out/lib/../bin/tclsh8.6'
TCL_BIN_DIR='/Users/damon/src/installkit/out/lib'
TCL_BMAP_DIR_NATIVE='${TCL_TOP_DIR_NATIVE}/bitmaps'
TCL_DBGX=''
TCL_DEFS='-DPACKAGE_NAME=\"tcl\" -DPACKAGE_TARNAME=\"tcl\" -DPACKAGE_VERSION=\"8.6\" -DPACKAGE_STRING=\"tcl\ 8.6\" -DPACKAGE_BUGREPORT=\"\" -DSTDC_HEADERS=1 -DHAVE_SYS_TYPES_H=1 -DHAVE_SYS_STAT_H=1 -DHAVE_STDLIB_H=1 -DHAVE_STRING_H=1 -DHAVE_MEMORY_H=1 -DHAVE_STRINGS_H=1 -DHAVE_INTTYPES_H=1 -DHAVE_STDINT_H=1 -DHAVE_UNISTD_H=1 -DNO_VALUES_H=1 -DHAVE_LIMITS_H=1 -DHAVE_SYS_PARAM_H=1 -DTCL_CFGVAL_ENCODING=\"iso8859-1\" -DHAVE_ZLIB=1 -DMAC_OSX_TCL=1 -DHAVE_COREFOUNDATION=1 -DTCL_SHLIB_EXT=\".dylib\" -DTCL_CFG_OPTIMIZED=1 -DTCL_CFG_DEBUG=1 -DTCL_TOMMATH=1 -DMP_PREC=4 -DTCL_WIDE_INT_TYPE=long\ long -DHAVE_STRUCT_STAT64=1 -DHAVE_GETCWD=1 -DHAVE_MKSTEMP=1 -DHAVE_OPENDIR=1 -DHAVE_STRTOL=1 -DHAVE_WAITPID=1 -DHAVE_GETADDRINFO=1 -DUSE_TERMIOS=1 -DHAVE_SYS_TIME_H=1 -DTIME_WITH_SYS_TIME=1 -DHAVE_GMTIME_R=1 -DHAVE_LOCALTIME_R=1 -DHAVE_MKTIME=1 -DHAVE_TM_GMTOFF=1 -DHAVE_STRUCT_STAT_ST_BLOCKS=1 -DHAVE_STRUCT_STAT_ST_BLKSIZE=1 -DHAVE_BLKCNT_T=1 -DHAVE_INTPTR_T=1 -DHAVE_UINTPTR_T=1 -DHAVE_SIGNED_CHAR=1 -DHAVE_PUTENV_THAT_COPIES=1 -DHAVE_LANGINFO=1 -DHAVE_CHFLAGS=1 -DHAVE_MKSTEMPS=1 -DHAVE_GETATTRLIST=1 -DHAVE_COPYFILE_H=1 -DHAVE_COPYFILE=1 -DHAVE_LIBKERN_OSATOMIC_H=1 -DHAVE_OSSPINLOCKLOCK=1 -DHAVE_PTHREAD_ATFORK=1 -DUSE_VFORK=1 -DTCL_DEFAULT_ENCODING=\"utf-8\" -DTCL_LOAD_FROM_MEMORY=1 -DTCL_WIDE_CLICKS=1 -DHAVE_AVAILABILITYMACROS_H=1 -DHAVE_WEAK_IMPORT=1 -DHAVE_FTS=1 -DHAVE_SYS_IOCTL_H=1 -DHAVE_SYS_FILIO_H=1 -DTCL_UNLOAD_DLLS=1 '
TCL_EXTRA_CFLAGS='-arch i386 -pipe -fvisibility=hidden   -mmacosx-version-min=10.4 '
TCL_GENERIC_DIR_NATIVE='${TCL_TOP_DIR_NATIVE}/generic'
TCL_INCLUDES='-I$(TCL_SRC_DIR)/generic -I$(TCL_SRC_DIR)/unix'
TCL_LD_FLAGS=' -headerpad_max_install_names -Wl,-search_paths_first '
TCL_LIBS='${DL_LIBS} ${LIBS} ${MATH_LIBS}'
TCL_LIB_FILE='libtcl8.6.dylib'
TCL_LIB_FLAG='-ltcl8.6'
TCL_LIB_SPEC='-L/Users/damon/src/installkit/out/lib -ltcl8.6'
TCL_PLATFORM_DIR_NATIVE='${TCL_TOP_DIR_NATIVE}/unix'
TCL_SHLIB_LD_LIBS='${LIBS}'
TCL_SRC_DIR='/Users/damon/src/installkit/src/tcl'
TCL_STUB_LIB_FILE='libtclstub8.6.a'
TCL_STUB_LIB_FLAG='-ltclstub8.6'
TCL_STUB_LIB_SPEC='-L/Users/damon/src/installkit/out/lib -ltclstub8.6'
TCL_THREADS='0'
TCL_TOOL_DIR_NATIVE='${TCL_TOP_DIR_NATIVE}/tools'
TCL_TOP_DIR_NATIVE='$(TCL_SRC_DIR)'
TCL_UNIX_DIR_NATIVE='${TCL_TOP_DIR_NATIVE}/unix'
TCL_VERSION='8.6'
TCL_WIN_DIR_NATIVE='${TCL_TOP_DIR_NATIVE}/win'
ac_ct_CC='gcc'
ac_ct_RANLIB='ranlib'
bindir='${exec_prefix}/bin'
build='i686-apple-darwin10.3.0'
build_alias=''
build_cpu='i686'
build_os='darwin10.3.0'
build_vendor='apple'
datadir='${prefix}/share'
exec_prefix='/Users/damon/src/installkit/out'
host='i686-apple-darwin10.3.0'
host_alias=''
host_cpu='i686'
host_os='darwin10.3.0'
host_vendor='apple'
includedir='${prefix}/include'
infodir='${prefix}/info'
libdir='${exec_prefix}/lib'
libexecdir='${exec_prefix}/libexec'
localstatedir='${prefix}/var'
mandir='${prefix}/man'
oldincludedir='/usr/include'
prefix='/Users/damon/src/installkit/out'
program_transform_name='s,x,x,'
sbindir='${exec_prefix}/sbin'
sharedstatedir='${prefix}/com'
sysconfdir='${prefix}/etc'
target_alias=''

## ----------- ##
## confdefs.h. ##
## ----------- ##

             
#define ALIGNOF_CHAR 1
#define ALIGNOF_DOUBLE 8
#define ALIGNOF_FLOAT 4
#define ALIGNOF_INT 4
#define ALIGNOF_LONG 8
#define ALIGNOF_LONG_DOUBLE 16
#define ALIGNOF_LONG_LONG 8
#define ALIGNOF_SHORT 2
#define ALIGNOF_VOID_P 8
#define CANONICAL_HOST "i686-apple-darwin10.3.0"
#define HAVE_INTTYPES_H 1
#define HAVE_LIMITS_H 1
#define HAVE_LONG_DOUBLE 1
#define HAVE_LONG_LONG 1
#define HAVE_MEMORY_H 1
#define HAVE_STDINT_H 1
#define HAVE_STDLIB_H 1
#define HAVE_STRINGS_H 1
#define HAVE_STRING_H 1
#define HAVE_SYS_PARAM_H 1
#define HAVE_SYS_STAT_H 1
#define HAVE_SYS_TYPES_H 1
#define HAVE_UNISTD_H 1
#define LOOKUP_TK_STUBS 1
#define NO_VALUES_H 1
#define PACKAGE_BUGREPORT ""
#define PACKAGE_NAME "Ffidl"
#define PACKAGE_STRING "Ffidl 0.6"
#define PACKAGE_TARNAME "ffidl"
#define PACKAGE_VERSION "0.6"
#define SIZEOF_CHAR 1
#define SIZEOF_DOUBLE 8
#define SIZEOF_FLOAT 4
#define SIZEOF_INT 4
#define SIZEOF_LONG 8
#define SIZEOF_LONG_DOUBLE 16
#define SIZEOF_LONG_LONG 8
#define SIZEOF_SHORT 2
#define SIZEOF_VOID_P 8
#define STDC_HEADERS 1
#define TCL_WIDE_INT_IS_LONG 1
#define TclGuessPackageName MyTclGuessPackageName
#define USE_CALLBACKS 1
#define USE_LIBFFI 1
#define USE_TCL_DLOPEN 1
#define USE_TCL_STUBS 1

configure: exit 0
